{"uuid":"1d063745-08e9-476b-97b2-fc9d796a3977","historyId":"eeae0f643bebc56ec0b2c3278598047a","fullName":"tests.FailedLoginTests.asUserTryToLogInWithIncorrectLoginAndPassword","labels":[{"name":"package","value":"tests.FailedLoginTests"},{"name":"testClass","value":"tests.FailedLoginTests"},{"name":"testMethod","value":"asUserTryToLogInWithIncorrectLoginAndPassword"},{"name":"parentSuite","value":"All Pet Store Tests"},{"name":"suite","value":"Negative Login Tests"},{"name":"subSuite","value":"tests.FailedLoginTests"},{"name":"host","value":"PatrykPC"},{"name":"thread","value":"5200@PatrykPC.TestNG-tests-1(37)"},{"name":"framework","value":"testng"},{"name":"language","value":"java"},{"name":"severity","value":"normal"}],"links":[{"name":"DEFECT-1","url":"https://example.org/issue/DEFECT-1","type":"issue"},{"name":"ID-1","url":"https://example-tms-system.org/tms/ID-1","type":"tms"}],"name":"asUserTryToLogInWithIncorrectLoginAndPassword","status":"skipped","statusDetails":{"known":false,"muted":false,"flaky":false,"message":"Tekst elementu: <Invalid username or password. Signon failed.>, oczekiwany tekst: <Invalid username or password. Signon failed>!","trace":"java.lang.AssertionError: Tekst elementu: <Invalid username or password. Signon failed.>, oczekiwany tekst: <Invalid username or password. Signon failed>!\r\n\tat page.objects.LoginPage.assertThatWarningIsDisplayer(LoginPage.java:63)\r\n\tat tests.FailedLoginTests.asUserTryToLogInWithIncorrectLoginAndPassword(FailedLoginTests.java:28)\r\n\tat java.base/jdk.internal.reflect.DirectMethodHandleAccessor.invoke(DirectMethodHandleAccessor.java:104)\r\n\tat java.base/java.lang.reflect.Method.invoke(Method.java:578)\r\n\tat org.testng.internal.invokers.MethodInvocationHelper.invokeMethod(MethodInvocationHelper.java:139)\r\n\tat org.testng.internal.invokers.TestInvoker.invokeMethod(TestInvoker.java:677)\r\n\tat org.testng.internal.invokers.TestInvoker.invokeTestMethod(TestInvoker.java:221)\r\n\tat org.testng.internal.invokers.MethodRunner.runInSequence(MethodRunner.java:50)\r\n\tat org.testng.internal.invokers.TestInvoker$MethodInvocationAgent.invoke(TestInvoker.java:962)\r\n\tat org.testng.internal.invokers.TestInvoker.invokeTestMethods(TestInvoker.java:194)\r\n\tat org.testng.internal.invokers.TestMethodWorker.invokeTestMethods(TestMethodWorker.java:148)\r\n\tat org.testng.internal.invokers.TestMethodWorker.run(TestMethodWorker.java:128)\r\n\tat java.base/java.util.ArrayList.forEach(ArrayList.java:1511)\r\n\tat org.testng.TestRunner.privateRun(TestRunner.java:806)\r\n\tat org.testng.TestRunner.run(TestRunner.java:601)\r\n\tat org.testng.SuiteRunner.runTest(SuiteRunner.java:433)\r\n\tat org.testng.SuiteRunner$SuiteWorker.run(SuiteRunner.java:471)\r\n\tat org.testng.internal.thread.ThreadUtil.lambda$execute$0(ThreadUtil.java:58)\r\n\tat java.base/java.util.concurrent.FutureTask.run(FutureTask.java:317)\r\n\tat java.base/java.util.concurrent.ThreadPoolExecutor.runWorker(ThreadPoolExecutor.java:1144)\r\n\tat java.base/java.util.concurrent.ThreadPoolExecutor$Worker.run(ThreadPoolExecutor.java:642)\r\n\tat java.base/java.lang.Thread.run(Thread.java:1589)\r\n"},"stage":"finished","description":"Celem testu jest zalogowanie sie za pomoca blednych danych testowych: username/password i sprawdzenie czy pojawia sie komunikat bledu.","steps":[{"name":"Przechodze na strone: http://przyklady.javastart.pl/jpetstore/actions/Account.action?signonForm=","status":"passed","stage":"finished","steps":[],"attachments":[],"parameters":[{"name":"pageUrl","value":"http://przyklady.javastart.pl/jpetstore/actions/Account.action?signonForm="}],"start":1677858532989,"stop":1677858533161},{"name":"Wpisano w pole User Name: test","status":"passed","stage":"finished","steps":[],"attachments":[],"parameters":[{"name":"username","value":"test"}],"start":1677858533179,"stop":1677858533275},{"name":"Wpisano w pole Password: test","status":"passed","stage":"finished","steps":[],"attachments":[],"parameters":[{"name":"password","value":"test"}],"start":1677858533275,"stop":1677858533361},{"name":"Kliknieto w Login Button","status":"passed","stage":"finished","steps":[],"attachments":[],"parameters":[],"start":1677858533362,"stop":1677858533474},{"name":"Assert: wiadomosc Invalid username or password. Signon failed jest wyswietlona","status":"failed","statusDetails":{"known":false,"muted":false,"flaky":false,"message":"Tekst elementu: <Invalid username or password. Signon failed.>, oczekiwany tekst: <Invalid username or password. Signon failed>!","trace":"java.lang.AssertionError: Tekst elementu: <Invalid username or password. Signon failed.>, oczekiwany tekst: <Invalid username or password. Signon failed>!\r\n\tat page.objects.LoginPage.assertThatWarningIsDisplayer(LoginPage.java:63)\r\n\tat tests.FailedLoginTests.asUserTryToLogInWithIncorrectLoginAndPassword(FailedLoginTests.java:28)\r\n\tat java.base/jdk.internal.reflect.DirectMethodHandleAccessor.invoke(DirectMethodHandleAccessor.java:104)\r\n\tat java.base/java.lang.reflect.Method.invoke(Method.java:578)\r\n\tat org.testng.internal.invokers.MethodInvocationHelper.invokeMethod(MethodInvocationHelper.java:139)\r\n\tat org.testng.internal.invokers.TestInvoker.invokeMethod(TestInvoker.java:677)\r\n\tat org.testng.internal.invokers.TestInvoker.invokeTestMethod(TestInvoker.java:221)\r\n\tat org.testng.internal.invokers.MethodRunner.runInSequence(MethodRunner.java:50)\r\n\tat org.testng.internal.invokers.TestInvoker$MethodInvocationAgent.invoke(TestInvoker.java:962)\r\n\tat org.testng.internal.invokers.TestInvoker.invokeTestMethods(TestInvoker.java:194)\r\n\tat org.testng.internal.invokers.TestMethodWorker.invokeTestMethods(TestMethodWorker.java:148)\r\n\tat org.testng.internal.invokers.TestMethodWorker.run(TestMethodWorker.java:128)\r\n\tat java.base/java.util.ArrayList.forEach(ArrayList.java:1511)\r\n\tat org.testng.TestRunner.privateRun(TestRunner.java:806)\r\n\tat org.testng.TestRunner.run(TestRunner.java:601)\r\n\tat org.testng.SuiteRunner.runTest(SuiteRunner.java:433)\r\n\tat org.testng.SuiteRunner$SuiteWorker.run(SuiteRunner.java:471)\r\n\tat org.testng.internal.thread.ThreadUtil.lambda$execute$0(ThreadUtil.java:58)\r\n\tat java.base/java.util.concurrent.FutureTask.run(FutureTask.java:317)\r\n\tat java.base/java.util.concurrent.ThreadPoolExecutor.runWorker(ThreadPoolExecutor.java:1144)\r\n\tat java.base/java.util.concurrent.ThreadPoolExecutor$Worker.run(ThreadPoolExecutor.java:642)\r\n\tat java.base/java.lang.Thread.run(Thread.java:1589)\r\n"},"stage":"finished","steps":[],"attachments":[],"parameters":[{"name":"warningMessage","value":"Invalid username or password. Signon failed"}],"start":1677858533474,"stop":1677858533601}],"attachments":[],"parameters":[{"name":"browser","value":"CHROME"}],"start":1677858532987,"stop":1677858533605}