{
  "uid" : "e2d6ab08055ce6b3",
  "name" : "asUserTryToLogInWithIncorrectLoginAndPassword",
  "fullName" : "tests.FailedLoginTests.asUserTryToLogInWithIncorrectLoginAndPassword",
  "historyId" : "eeae0f643bebc56ec0b2c3278598047a",
  "time" : {
    "start" : 1677858536227,
    "stop" : 1677858536892,
    "duration" : 665
  },
  "description" : "Celem testu jest zalogowanie sie za pomoca blednych danych testowych: username/password i sprawdzenie czy pojawia sie komunikat bledu.",
  "descriptionHtml" : "<p>Celem testu jest zalogowanie sie za pomoca blednych danych testowych: username/password i sprawdzenie czy pojawia sie komunikat bledu.</p>\n",
  "status" : "failed",
  "statusMessage" : "Tekst elementu: <Invalid username or password. Signon failed.>, oczekiwany tekst: <Invalid username or password. Signon failed>!",
  "statusTrace" : "java.lang.AssertionError: Tekst elementu: <Invalid username or password. Signon failed.>, oczekiwany tekst: <Invalid username or password. Signon failed>!\r\n\tat page.objects.LoginPage.assertThatWarningIsDisplayer(LoginPage.java:63)\r\n\tat tests.FailedLoginTests.asUserTryToLogInWithIncorrectLoginAndPassword(FailedLoginTests.java:28)\r\n\tat java.base/jdk.internal.reflect.DirectMethodHandleAccessor.invoke(DirectMethodHandleAccessor.java:104)\r\n\tat java.base/java.lang.reflect.Method.invoke(Method.java:578)\r\n\tat org.testng.internal.invokers.MethodInvocationHelper.invokeMethod(MethodInvocationHelper.java:139)\r\n\tat org.testng.internal.invokers.TestInvoker.invokeMethod(TestInvoker.java:677)\r\n\tat org.testng.internal.invokers.TestInvoker.retryFailed(TestInvoker.java:263)\r\n\tat org.testng.internal.invokers.MethodRunner.runInSequence(MethodRunner.java:62)\r\n\tat org.testng.internal.invokers.TestInvoker$MethodInvocationAgent.invoke(TestInvoker.java:962)\r\n\tat org.testng.internal.invokers.TestInvoker.invokeTestMethods(TestInvoker.java:194)\r\n\tat org.testng.internal.invokers.TestMethodWorker.invokeTestMethods(TestMethodWorker.java:148)\r\n\tat org.testng.internal.invokers.TestMethodWorker.run(TestMethodWorker.java:128)\r\n\tat java.base/java.util.ArrayList.forEach(ArrayList.java:1511)\r\n\tat org.testng.TestRunner.privateRun(TestRunner.java:806)\r\n\tat org.testng.TestRunner.run(TestRunner.java:601)\r\n\tat org.testng.SuiteRunner.runTest(SuiteRunner.java:433)\r\n\tat org.testng.SuiteRunner$SuiteWorker.run(SuiteRunner.java:471)\r\n\tat org.testng.internal.thread.ThreadUtil.lambda$execute$0(ThreadUtil.java:58)\r\n\tat java.base/java.util.concurrent.FutureTask.run(FutureTask.java:317)\r\n\tat java.base/java.util.concurrent.ThreadPoolExecutor.runWorker(ThreadPoolExecutor.java:1144)\r\n\tat java.base/java.util.concurrent.ThreadPoolExecutor$Worker.run(ThreadPoolExecutor.java:642)\r\n\tat java.base/java.lang.Thread.run(Thread.java:1589)\r\n",
  "flaky" : false,
  "newFailed" : false,
  "beforeStages" : [ {
    "name" : "beforeClass",
    "time" : {
      "start" : 1677858530336,
      "stop" : 1677858530376,
      "duration" : 40
    },
    "description" : "",
    "status" : "passed",
    "steps" : [ {
      "name" : "Ładowanie konfiguracji z configuration.properties.",
      "time" : {
        "start" : 1677858530354,
        "stop" : 1677858530375,
        "duration" : 21
      },
      "status" : "passed",
      "steps" : [ ],
      "attachments" : [ ],
      "parameters" : [ ],
      "stepsCount" : 0,
      "hasContent" : false,
      "attachmentsCount" : 0,
      "shouldDisplayMessage" : false
    } ],
    "attachments" : [ ],
    "parameters" : [ ],
    "stepsCount" : 1,
    "hasContent" : true,
    "attachmentsCount" : 0,
    "shouldDisplayMessage" : false
  }, {
    "name" : "beforeTest",
    "time" : {
      "start" : 1677858535307,
      "stop" : 1677858536223,
      "duration" : 916
    },
    "description" : "",
    "status" : "passed",
    "steps" : [ {
      "name" : "Ustawiam przeglądarke na: CHROME i przechodzę na strone główną.",
      "time" : {
        "start" : 1677858535307,
        "stop" : 1677858536223,
        "duration" : 916
      },
      "status" : "passed",
      "steps" : [ {
        "name" : "Powiekszam okno przegladarki",
        "time" : {
          "start" : 1677858535891,
          "stop" : 1677858536023,
          "duration" : 132
        },
        "status" : "passed",
        "steps" : [ ],
        "attachments" : [ ],
        "parameters" : [ ],
        "stepsCount" : 0,
        "hasContent" : false,
        "attachmentsCount" : 0,
        "shouldDisplayMessage" : false
      }, {
        "name" : "Przechodze na strone: http://przyklady.javastart.pl/jpetstore/",
        "time" : {
          "start" : 1677858536023,
          "stop" : 1677858536222,
          "duration" : 199
        },
        "status" : "passed",
        "steps" : [ ],
        "attachments" : [ ],
        "parameters" : [ {
          "name" : "pageUrl",
          "value" : "http://przyklady.javastart.pl/jpetstore/"
        } ],
        "stepsCount" : 0,
        "hasContent" : true,
        "attachmentsCount" : 0,
        "shouldDisplayMessage" : false
      } ],
      "attachments" : [ ],
      "parameters" : [ {
        "name" : "browserType",
        "value" : "CHROME"
      } ],
      "stepsCount" : 2,
      "hasContent" : true,
      "attachmentsCount" : 0,
      "shouldDisplayMessage" : false
    } ],
    "attachments" : [ ],
    "parameters" : [ ],
    "stepsCount" : 3,
    "hasContent" : true,
    "attachmentsCount" : 0,
    "shouldDisplayMessage" : false
  } ],
  "testStage" : {
    "description" : "Celem testu jest zalogowanie sie za pomoca blednych danych testowych: username/password i sprawdzenie czy pojawia sie komunikat bledu.",
    "status" : "failed",
    "statusMessage" : "Tekst elementu: <Invalid username or password. Signon failed.>, oczekiwany tekst: <Invalid username or password. Signon failed>!",
    "statusTrace" : "java.lang.AssertionError: Tekst elementu: <Invalid username or password. Signon failed.>, oczekiwany tekst: <Invalid username or password. Signon failed>!\r\n\tat page.objects.LoginPage.assertThatWarningIsDisplayer(LoginPage.java:63)\r\n\tat tests.FailedLoginTests.asUserTryToLogInWithIncorrectLoginAndPassword(FailedLoginTests.java:28)\r\n\tat java.base/jdk.internal.reflect.DirectMethodHandleAccessor.invoke(DirectMethodHandleAccessor.java:104)\r\n\tat java.base/java.lang.reflect.Method.invoke(Method.java:578)\r\n\tat org.testng.internal.invokers.MethodInvocationHelper.invokeMethod(MethodInvocationHelper.java:139)\r\n\tat org.testng.internal.invokers.TestInvoker.invokeMethod(TestInvoker.java:677)\r\n\tat org.testng.internal.invokers.TestInvoker.retryFailed(TestInvoker.java:263)\r\n\tat org.testng.internal.invokers.MethodRunner.runInSequence(MethodRunner.java:62)\r\n\tat org.testng.internal.invokers.TestInvoker$MethodInvocationAgent.invoke(TestInvoker.java:962)\r\n\tat org.testng.internal.invokers.TestInvoker.invokeTestMethods(TestInvoker.java:194)\r\n\tat org.testng.internal.invokers.TestMethodWorker.invokeTestMethods(TestMethodWorker.java:148)\r\n\tat org.testng.internal.invokers.TestMethodWorker.run(TestMethodWorker.java:128)\r\n\tat java.base/java.util.ArrayList.forEach(ArrayList.java:1511)\r\n\tat org.testng.TestRunner.privateRun(TestRunner.java:806)\r\n\tat org.testng.TestRunner.run(TestRunner.java:601)\r\n\tat org.testng.SuiteRunner.runTest(SuiteRunner.java:433)\r\n\tat org.testng.SuiteRunner$SuiteWorker.run(SuiteRunner.java:471)\r\n\tat org.testng.internal.thread.ThreadUtil.lambda$execute$0(ThreadUtil.java:58)\r\n\tat java.base/java.util.concurrent.FutureTask.run(FutureTask.java:317)\r\n\tat java.base/java.util.concurrent.ThreadPoolExecutor.runWorker(ThreadPoolExecutor.java:1144)\r\n\tat java.base/java.util.concurrent.ThreadPoolExecutor$Worker.run(ThreadPoolExecutor.java:642)\r\n\tat java.base/java.lang.Thread.run(Thread.java:1589)\r\n",
    "steps" : [ {
      "name" : "Przechodze na strone: http://przyklady.javastart.pl/jpetstore/actions/Account.action?signonForm=",
      "time" : {
        "start" : 1677858536228,
        "stop" : 1677858536391,
        "duration" : 163
      },
      "status" : "passed",
      "steps" : [ ],
      "attachments" : [ ],
      "parameters" : [ {
        "name" : "pageUrl",
        "value" : "http://przyklady.javastart.pl/jpetstore/actions/Account.action?signonForm="
      } ],
      "stepsCount" : 0,
      "hasContent" : true,
      "attachmentsCount" : 0,
      "shouldDisplayMessage" : false
    }, {
      "name" : "Wpisano w pole User Name: test",
      "time" : {
        "start" : 1677858536392,
        "stop" : 1677858536459,
        "duration" : 67
      },
      "status" : "passed",
      "steps" : [ ],
      "attachments" : [ ],
      "parameters" : [ {
        "name" : "username",
        "value" : "test"
      } ],
      "stepsCount" : 0,
      "hasContent" : true,
      "attachmentsCount" : 0,
      "shouldDisplayMessage" : false
    }, {
      "name" : "Wpisano w pole Password: test",
      "time" : {
        "start" : 1677858536460,
        "stop" : 1677858536537,
        "duration" : 77
      },
      "status" : "passed",
      "steps" : [ ],
      "attachments" : [ ],
      "parameters" : [ {
        "name" : "password",
        "value" : "test"
      } ],
      "stepsCount" : 0,
      "hasContent" : true,
      "attachmentsCount" : 0,
      "shouldDisplayMessage" : false
    }, {
      "name" : "Kliknieto w Login Button",
      "time" : {
        "start" : 1677858536537,
        "stop" : 1677858536641,
        "duration" : 104
      },
      "status" : "passed",
      "steps" : [ ],
      "attachments" : [ ],
      "parameters" : [ ],
      "stepsCount" : 0,
      "hasContent" : false,
      "attachmentsCount" : 0,
      "shouldDisplayMessage" : false
    }, {
      "name" : "Assert: wiadomosc Invalid username or password. Signon failed jest wyswietlona",
      "time" : {
        "start" : 1677858536642,
        "stop" : 1677858536715,
        "duration" : 73
      },
      "status" : "failed",
      "statusMessage" : "Tekst elementu: <Invalid username or password. Signon failed.>, oczekiwany tekst: <Invalid username or password. Signon failed>!",
      "statusTrace" : "java.lang.AssertionError: Tekst elementu: <Invalid username or password. Signon failed.>, oczekiwany tekst: <Invalid username or password. Signon failed>!\r\n\tat page.objects.LoginPage.assertThatWarningIsDisplayer(LoginPage.java:63)\r\n\tat tests.FailedLoginTests.asUserTryToLogInWithIncorrectLoginAndPassword(FailedLoginTests.java:28)\r\n\tat java.base/jdk.internal.reflect.DirectMethodHandleAccessor.invoke(DirectMethodHandleAccessor.java:104)\r\n\tat java.base/java.lang.reflect.Method.invoke(Method.java:578)\r\n\tat org.testng.internal.invokers.MethodInvocationHelper.invokeMethod(MethodInvocationHelper.java:139)\r\n\tat org.testng.internal.invokers.TestInvoker.invokeMethod(TestInvoker.java:677)\r\n\tat org.testng.internal.invokers.TestInvoker.retryFailed(TestInvoker.java:263)\r\n\tat org.testng.internal.invokers.MethodRunner.runInSequence(MethodRunner.java:62)\r\n\tat org.testng.internal.invokers.TestInvoker$MethodInvocationAgent.invoke(TestInvoker.java:962)\r\n\tat org.testng.internal.invokers.TestInvoker.invokeTestMethods(TestInvoker.java:194)\r\n\tat org.testng.internal.invokers.TestMethodWorker.invokeTestMethods(TestMethodWorker.java:148)\r\n\tat org.testng.internal.invokers.TestMethodWorker.run(TestMethodWorker.java:128)\r\n\tat java.base/java.util.ArrayList.forEach(ArrayList.java:1511)\r\n\tat org.testng.TestRunner.privateRun(TestRunner.java:806)\r\n\tat org.testng.TestRunner.run(TestRunner.java:601)\r\n\tat org.testng.SuiteRunner.runTest(SuiteRunner.java:433)\r\n\tat org.testng.SuiteRunner$SuiteWorker.run(SuiteRunner.java:471)\r\n\tat org.testng.internal.thread.ThreadUtil.lambda$execute$0(ThreadUtil.java:58)\r\n\tat java.base/java.util.concurrent.FutureTask.run(FutureTask.java:317)\r\n\tat java.base/java.util.concurrent.ThreadPoolExecutor.runWorker(ThreadPoolExecutor.java:1144)\r\n\tat java.base/java.util.concurrent.ThreadPoolExecutor$Worker.run(ThreadPoolExecutor.java:642)\r\n\tat java.base/java.lang.Thread.run(Thread.java:1589)\r\n",
      "steps" : [ ],
      "attachments" : [ ],
      "parameters" : [ {
        "name" : "warningMessage",
        "value" : "Invalid username or password. Signon failed"
      } ],
      "stepsCount" : 0,
      "hasContent" : true,
      "attachmentsCount" : 0,
      "shouldDisplayMessage" : true
    } ],
    "attachments" : [ {
      "uid" : "ffb73c719d84fe47",
      "name" : "Screenshot porazki testu",
      "source" : "ffb73c719d84fe47.png",
      "type" : "image/png",
      "size" : 41273
    } ],
    "parameters" : [ ],
    "stepsCount" : 5,
    "hasContent" : true,
    "attachmentsCount" : 1,
    "shouldDisplayMessage" : false
  },
  "afterStages" : [ {
    "name" : "afterTest",
    "time" : {
      "start" : 1677858536899,
      "stop" : 1677858537050,
      "duration" : 151
    },
    "description" : "",
    "status" : "passed",
    "steps" : [ {
      "name" : "Zamykam przeglądarkę.",
      "time" : {
        "start" : 1677858536899,
        "stop" : 1677858537050,
        "duration" : 151
      },
      "status" : "passed",
      "steps" : [ ],
      "attachments" : [ ],
      "parameters" : [ ],
      "stepsCount" : 0,
      "hasContent" : false,
      "attachmentsCount" : 0,
      "shouldDisplayMessage" : false
    } ],
    "attachments" : [ ],
    "parameters" : [ ],
    "stepsCount" : 1,
    "hasContent" : true,
    "attachmentsCount" : 0,
    "shouldDisplayMessage" : false
  } ],
  "labels" : [ {
    "name" : "package",
    "value" : "tests.FailedLoginTests"
  }, {
    "name" : "testClass",
    "value" : "tests.FailedLoginTests"
  }, {
    "name" : "testMethod",
    "value" : "asUserTryToLogInWithIncorrectLoginAndPassword"
  }, {
    "name" : "parentSuite",
    "value" : "All Pet Store Tests"
  }, {
    "name" : "suite",
    "value" : "Negative Login Tests"
  }, {
    "name" : "subSuite",
    "value" : "tests.FailedLoginTests"
  }, {
    "name" : "host",
    "value" : "PatrykPC"
  }, {
    "name" : "thread",
    "value" : "5200@PatrykPC.TestNG-tests-1(37)"
  }, {
    "name" : "framework",
    "value" : "testng"
  }, {
    "name" : "language",
    "value" : "java"
  }, {
    "name" : "severity",
    "value" : "normal"
  }, {
    "name" : "resultFormat",
    "value" : "allure2"
  } ],
  "parameters" : [ {
    "name" : "browser",
    "value" : "CHROME"
  } ],
  "links" : [ {
    "name" : "DEFECT-1",
    "url" : "https://example.org/issue/DEFECT-1",
    "type" : "issue"
  }, {
    "name" : "ID-1",
    "url" : "https://example-tms-system.org/tms/ID-1",
    "type" : "tms"
  } ],
  "hidden" : false,
  "retry" : false,
  "extra" : {
    "severity" : "normal",
    "retries" : [ {
      "uid" : "303a55d9641eba95",
      "status" : "skipped",
      "statusDetails" : "Tekst elementu: <Invalid username or password. Signon failed.>, oczekiwany tekst: <Invalid username or password. Signon failed>!",
      "time" : {
        "start" : 1677858534650,
        "stop" : 1677858535156,
        "duration" : 506
      }
    }, {
      "uid" : "61cb35db9696207b",
      "status" : "skipped",
      "statusDetails" : "Tekst elementu: <Invalid username or password. Signon failed.>, oczekiwany tekst: <Invalid username or password. Signon failed>!",
      "time" : {
        "start" : 1677858532987,
        "stop" : 1677858533605,
        "duration" : 618
      }
    }, {
      "uid" : "cf52ce48f772465c",
      "status" : "failed",
      "statusDetails" : "Tekst elementu: <Invalid username or password. Signon failed.>, oczekiwany tekst: <Invalid username or password. Signon failed>!",
      "time" : {
        "start" : 1677857962336,
        "stop" : 1677857963139,
        "duration" : 803
      }
    } ],
    "categories" : [ {
      "name" : "Product defects",
      "matchedStatuses" : [ ],
      "flaky" : false
    } ],
    "tags" : [ ]
  },
  "source" : "e2d6ab08055ce6b3.json",
  "parameterValues" : [ "CHROME" ]
}